	/projects/bgmp/calz/miniforge3/envs/QAA/bin/STAR-avx2 --runThreadN 8 --runMode alignReads --outFilterMultimapNmax 3 --outSAMunmapped Within KeepPairs --alignIntronMax 1000000 --alignMatesGapMax 1000000 --readFilesCommand zcat --readFilesIn /projects/bgmp/calz/bioinfo/Bi623/QAA/trimmomatic/S9_L008_R1_001_TRIMMED_PAIRED.fastqc.gz trimmomatic/S9_L008_R2_001_TRIMMED_PAIRED.fastqc.gz --genomeDir /projects/bgmp/calz/bioinfo/Bi623/QAA/Mus_musculus.GRCm39.dna.ens112.STAR_2.7.11b --outFileNamePrefix S9_L008_001
	STAR version: 2.7.11b   compiled: 2024-07-03T14:39:20+0000 :/opt/conda/conda-bld/star_1720017372352/work/source
Sep 08 11:47:53 ..... started STAR run
Sep 08 11:47:53 ..... loading genome
Sep 08 11:48:27 ..... started mapping
Sep 08 11:50:28 ..... finished mapping
Sep 08 11:50:28 ..... finished successfully
	Command being timed: "STAR --runThreadN 8 --runMode alignReads --outFilterMultimapNmax 3 --outSAMunmapped Within KeepPairs --alignIntronMax 1000000 --alignMatesGapMax 1000000 --readFilesCommand zcat --readFilesIn /projects/bgmp/calz/bioinfo/Bi623/QAA/trimmomatic/S9_L008_R1_001_TRIMMED_PAIRED.fastqc.gz trimmomatic/S9_L008_R2_001_TRIMMED_PAIRED.fastqc.gz --genomeDir /projects/bgmp/calz/bioinfo/Bi623/QAA/Mus_musculus.GRCm39.dna.ens112.STAR_2.7.11b --outFileNamePrefix S9_L008_001"
	User time (seconds): 838.10
	System time (seconds): 14.84
	Percent of CPU this job got: 547%
	Elapsed (wall clock) time (h:mm:ss or m:ss): 2:35.77
	Average shared text size (kbytes): 0
	Average unshared data size (kbytes): 0
	Average stack size (kbytes): 0
	Average total size (kbytes): 0
	Maximum resident set size (kbytes): 27513676
	Average resident set size (kbytes): 0
	Major (requiring I/O) page faults: 0
	Minor (reclaiming a frame) page faults: 1215292
	Voluntary context switches: 136764
	Involuntary context switches: 5061
	Swaps: 0
	File system inputs: 0
	File system outputs: 0
	Socket messages sent: 0
	Socket messages received: 0
	Signals delivered: 0
	Page size (bytes): 4096
	Exit status: 0
	/projects/bgmp/calz/miniforge3/envs/QAA/bin/STAR-avx2 --runThreadN 8 --runMode alignReads --outFilterMultimapNmax 3 --outSAMunmapped Within KeepPairs --alignIntronMax 1000000 --alignMatesGapMax 1000000 --readFilesCommand zcat --readFilesIn /projects/bgmp/calz/bioinfo/Bi623/QAA/trimmomatic/S21_L008_R1_001_TRIMMED_PAIRED.fastqc.gz /projects/bgmp/calz/bioinfo/Bi623/QAA/trimmomatic/S21_L008_R2_001_TRIMMED_PAIRED.fastqc.gz --genomeDir /projects/bgmp/calz/bioinfo/Bi623/QAA/Mus_musculus.GRCm39.dna.ens112.STAR_2.7.11b --outFileNamePrefix S21_L008_001
	STAR version: 2.7.11b   compiled: 2024-07-03T14:39:20+0000 :/opt/conda/conda-bld/star_1720017372352/work/source
Sep 08 11:50:28 ..... started STAR run
Sep 08 11:50:28 ..... loading genome
Sep 08 11:51:01 ..... started mapping
Sep 08 11:51:34 ..... finished mapping
Sep 08 11:51:35 ..... finished successfully
	Command being timed: "STAR --runThreadN 8 --runMode alignReads --outFilterMultimapNmax 3 --outSAMunmapped Within KeepPairs --alignIntronMax 1000000 --alignMatesGapMax 1000000 --readFilesCommand zcat --readFilesIn /projects/bgmp/calz/bioinfo/Bi623/QAA/trimmomatic/S21_L008_R1_001_TRIMMED_PAIRED.fastqc.gz /projects/bgmp/calz/bioinfo/Bi623/QAA/trimmomatic/S21_L008_R2_001_TRIMMED_PAIRED.fastqc.gz --genomeDir /projects/bgmp/calz/bioinfo/Bi623/QAA/Mus_musculus.GRCm39.dna.ens112.STAR_2.7.11b --outFileNamePrefix S21_L008_001"
	User time (seconds): 214.28
	System time (seconds): 10.67
	Percent of CPU this job got: 338%
	Elapsed (wall clock) time (h:mm:ss or m:ss): 1:06.48
	Average shared text size (kbytes): 0
	Average unshared data size (kbytes): 0
	Average stack size (kbytes): 0
	Average total size (kbytes): 0
	Maximum resident set size (kbytes): 27369440
	Average resident set size (kbytes): 0
	Major (requiring I/O) page faults: 0
	Minor (reclaiming a frame) page faults: 908251
	Voluntary context switches: 35314
	Involuntary context switches: 1082
	Swaps: 0
	File system inputs: 0
	File system outputs: 0
	Socket messages sent: 0
	Socket messages received: 0
	Signals delivered: 0
	Page size (bytes): 4096
	Exit status: 0
