	/projects/bgmp/calz/miniforge3/envs/QAA/bin/STAR-avx2 --runThreadN 8 --runMode alignReads --outFilterMultimapNmax 3 --outSAMunmapped Within KeepPairs --alignIntronMax 1000000 --alignMatesGapMax 1000000 --readFilesCommand zcat --readFilesIn /projects/bgmp/calz/bioinfo/Bi623/QAA/trimmomatic/S9_L008_R1_001_TRIMMED_PAIRED.fastqc.gz trimmomatic/S9_L008_R2_001_TRIMMED_PAIRED.fastqc.gz --genomeDir /projects/bgmp/calz/bioinfo/Bi623/QAA/Mus_musculus.GRCm39.dna.ens112.STAR_2.7.11b --outFileNamePrefix S9_L008_001
	STAR version: 2.7.11b   compiled: 2024-07-03T14:39:20+0000 :/opt/conda/conda-bld/star_1720017372352/work/source
Sep 07 19:57:17 ..... started STAR run
Sep 07 19:57:17 ..... loading genome
Sep 07 19:57:41 ..... started mapping
Sep 07 19:59:50 ..... finished mapping
Sep 07 19:59:51 ..... finished successfully
	Command being timed: "STAR --runThreadN 8 --runMode alignReads --outFilterMultimapNmax 3 --outSAMunmapped Within KeepPairs --alignIntronMax 1000000 --alignMatesGapMax 1000000 --readFilesCommand zcat --readFilesIn /projects/bgmp/calz/bioinfo/Bi623/QAA/trimmomatic/S9_L008_R1_001_TRIMMED_PAIRED.fastqc.gz trimmomatic/S9_L008_R2_001_TRIMMED_PAIRED.fastqc.gz --genomeDir /projects/bgmp/calz/bioinfo/Bi623/QAA/Mus_musculus.GRCm39.dna.ens112.STAR_2.7.11b --outFileNamePrefix S9_L008_001"
	User time (seconds): 883.87
	System time (seconds): 45.96
	Percent of CPU this job got: 599%
	Elapsed (wall clock) time (h:mm:ss or m:ss): 2:34.99
	Average shared text size (kbytes): 0
	Average unshared data size (kbytes): 0
	Average stack size (kbytes): 0
	Average total size (kbytes): 0
	Maximum resident set size (kbytes): 27513928
	Average resident set size (kbytes): 0
	Major (requiring I/O) page faults: 0
	Minor (reclaiming a frame) page faults: 15966832
	Voluntary context switches: 128821
	Involuntary context switches: 3953
	Swaps: 0
	File system inputs: 0
	File system outputs: 0
	Socket messages sent: 0
	Socket messages received: 0
	Signals delivered: 0
	Page size (bytes): 4096
	Exit status: 0
	/projects/bgmp/calz/miniforge3/envs/QAA/bin/STAR-avx2 --runThreadN 8 --runMode alignReads --outFilterMultimapNmax 3 --outSAMunmapped Within KeepPairs --alignIntronMax 1000000 --alignMatesGapMax 1000000 --readFilesCommand zcat --readFilesIn /projects/bgmp/calz/bioinfo/Bi623/QAA/trimmomatic/S21_L008_R1_001_TRIMMED_PAIRED.fastqc.gz /projects/bgmp/calz/bioinfo/Bi623/QAA/trimmomatic/S21_L008_R2_001_TRIMMED_PAIRED.fastqc.gz --genomeDir /projects/bgmp/calz/bioinfo/Bi623/QAA/Mus_musculus.GRCm39.dna.ens112.STAR_2.7.11b --outFileNamePrefix S21_L008_001
	STAR version: 2.7.11b   compiled: 2024-07-03T14:39:20+0000 :/opt/conda/conda-bld/star_1720017372352/work/source
Sep 07 19:59:51 ..... started STAR run
Sep 07 19:59:51 ..... loading genome
Sep 07 20:00:17 ..... started mapping
Sep 07 20:00:54 ..... finished mapping
Sep 07 20:00:54 ..... finished successfully
	Command being timed: "STAR --runThreadN 8 --runMode alignReads --outFilterMultimapNmax 3 --outSAMunmapped Within KeepPairs --alignIntronMax 1000000 --alignMatesGapMax 1000000 --readFilesCommand zcat --readFilesIn /projects/bgmp/calz/bioinfo/Bi623/QAA/trimmomatic/S21_L008_R1_001_TRIMMED_PAIRED.fastqc.gz /projects/bgmp/calz/bioinfo/Bi623/QAA/trimmomatic/S21_L008_R2_001_TRIMMED_PAIRED.fastqc.gz --genomeDir /projects/bgmp/calz/bioinfo/Bi623/QAA/Mus_musculus.GRCm39.dna.ens112.STAR_2.7.11b --outFileNamePrefix S21_L008_001"
	User time (seconds): 213.37
	System time (seconds): 8.47
	Percent of CPU this job got: 353%
	Elapsed (wall clock) time (h:mm:ss or m:ss): 1:02.81
	Average shared text size (kbytes): 0
	Average unshared data size (kbytes): 0
	Average stack size (kbytes): 0
	Average total size (kbytes): 0
	Maximum resident set size (kbytes): 27360392
	Average resident set size (kbytes): 0
	Major (requiring I/O) page faults: 0
	Minor (reclaiming a frame) page faults: 170027
	Voluntary context switches: 35139
	Involuntary context switches: 1059
	Swaps: 0
	File system inputs: 0
	File system outputs: 0
	Socket messages sent: 0
	Socket messages received: 0
	Signals delivered: 0
	Page size (bytes): 4096
	Exit status: 0
